<?xml version="1.0" encoding="UTF-8"?>
<testsuite xmlns:xsi="http://www.w3.org/2001/XMLSchema-instance" xsi:noNamespaceSchemaLocation="https://maven.apache.org/surefire/maven-surefire-plugin/xsd/surefire-test-report.xsd" name="stellarburgers.ConstructorTest" time="43.569" tests="3" errors="0" skipped="0" failures="0">
  <properties>
[...]
</properties>
  <testcase name="checkGoToBuns" classname="stellarburgers.ConstructorTest" time="17.253"/>
  <testcase name="checkGoToFillings" classname="stellarburgers.ConstructorTest" time="11.899"/>
  <testcase name="checkGoToSauces" classname="stellarburgers.ConstructorTest" time="13.782"/>
</testsuite>